c:\users\alexa_000\documents\maxl\modelisation2d_3d_qt\math_modelisation_2d_3d_qt\math_modelisation_2d_3d_qt\debug\vc120.pdb
c:\users\alexa_000\documents\maxl\modelisation2d_3d_qt\math_modelisation_2d_3d_qt\math_modelisation_2d_3d_qt\debug\qrc_math_modelisation_2d_3d_qt.obj
c:\users\alexa_000\documents\maxl\modelisation2d_3d_qt\math_modelisation_2d_3d_qt\math_modelisation_2d_3d_qt\debug\main.obj
c:\users\alexa_000\documents\maxl\modelisation2d_3d_qt\math_modelisation_2d_3d_qt\math_modelisation_2d_3d_qt\debug\moc_customslider.obj
c:\users\alexa_000\documents\maxl\modelisation2d_3d_qt\math_modelisation_2d_3d_qt\math_modelisation_2d_3d_qt\debug\customslider.obj
c:\users\alexa_000\documents\maxl\modelisation2d_3d_qt\math_modelisation_2d_3d_qt\math_modelisation_2d_3d_qt\debug\widget.obj
c:\users\alexa_000\documents\maxl\modelisation2d_3d_qt\math_modelisation_2d_3d_qt\math_modelisation_2d_3d_qt\debug\point.obj
c:\users\alexa_000\documents\maxl\modelisation2d_3d_qt\math_modelisation_2d_3d_qt\math_modelisation_2d_3d_qt\debug\openglwindow.obj
c:\users\alexa_000\documents\maxl\modelisation2d_3d_qt\math_modelisation_2d_3d_qt\math_modelisation_2d_3d_qt\debug\moc_widget.obj
c:\users\alexa_000\documents\maxl\modelisation2d_3d_qt\math_modelisation_2d_3d_qt\math_modelisation_2d_3d_qt\debug\esgishader.obj
c:\users\alexa_000\documents\maxl\modelisation2d_3d_qt\math_modelisation_2d_3d_qt\math_modelisation_2d_3d_qt\debug\math_modelisation_2d_3d_qt.obj
c:\users\alexa_000\documents\maxl\modelisation2d_3d_qt\math_modelisation_2d_3d_qt\math_modelisation_2d_3d_qt\debug\moc_math_modelisation_2d_3d_qt.obj
c:\users\alexa_000\documents\maxl\modelisation2d_3d\math_modelisation_2d_3d_qt\debug\vc120.pdb
c:\users\alexa_000\documents\maxl\modelisation2d_3d\math_modelisation_2d_3d_qt\debug\widget.obj
c:\users\alexa_000\documents\maxl\modelisation2d_3d\math_modelisation_2d_3d_qt\debug\point.obj
c:\users\alexa_000\documents\maxl\modelisation2d_3d\math_modelisation_2d_3d_qt\debug\openglwindow.obj
c:\users\alexa_000\documents\maxl\modelisation2d_3d\math_modelisation_2d_3d_qt\debug\math_modelisation_2d_3d_qt.obj
c:\users\alexa_000\documents\maxl\modelisation2d_3d\math_modelisation_2d_3d_qt\debug\main.obj
c:\users\alexa_000\documents\maxl\modelisation2d_3d\math_modelisation_2d_3d_qt\debug\moc_widget.obj
c:\users\alexa_000\documents\maxl\modelisation2d_3d\math_modelisation_2d_3d_qt\debug\moc_math_modelisation_2d_3d_qt.obj
c:\users\alexa_000\documents\maxl\modelisation2d_3d\math_modelisation_2d_3d_qt\debug\moc_customslider.obj
c:\users\alexa_000\documents\maxl\modelisation2d_3d\math_modelisation_2d_3d_qt\debug\esgishader.obj
c:\users\alexa_000\documents\maxl\modelisation2d_3d\math_modelisation_2d_3d_qt\debug\customslider.obj
c:\users\alexa_000\documents\maxl\modelisation2d_3d\math_modelisation_2d_3d_qt\debug\qrc_math_modelisation_2d_3d_qt.obj
c:\users\alexa_000\documents\maxl\modelisation2d_3d_qt\math_modelisation_2d_3d_qt\math_modelisation_2d_3d_qt\generatedfiles\ui_math_modelisation_2d_3d_qt.h
c:\users\alexa_000\documents\maxl\modelisation2d_3d_qt\math_modelisation_2d_3d_qt\math_modelisation_2d_3d_qt\generatedfiles\qrc_math_modelisation_2d_3d_qt.cpp
c:\users\alexa_000\documents\maxl\modelisation2d_3d_qt\math_modelisation_2d_3d_qt\math_modelisation_2d_3d_qt\generatedfiles\debug\moc_customslider.cpp
c:\users\alexa_000\documents\maxl\modelisation2d_3d_qt\math_modelisation_2d_3d_qt\math_modelisation_2d_3d_qt\generatedfiles\debug\moc_widget.cpp
c:\users\alexa_000\documents\maxl\modelisation2d_3d_qt\math_modelisation_2d_3d_qt\math_modelisation_2d_3d_qt\generatedfiles\debug\moc_math_modelisation_2d_3d_qt.cpp
c:\users\alexa_000\documents\maxl\modelisation2d_3d\math_modelisation_2d_3d_qt\generatedfiles\ui_math_modelisation_2d_3d_qt.h
c:\users\alexa_000\documents\maxl\modelisation2d_3d\math_modelisation_2d_3d_qt\generatedfiles\debug\moc_customslider.cpp
c:\users\alexa_000\documents\maxl\modelisation2d_3d\math_modelisation_2d_3d_qt\generatedfiles\qrc_math_modelisation_2d_3d_qt.cpp
c:\users\alexa_000\documents\maxl\modelisation2d_3d\math_modelisation_2d_3d_qt\generatedfiles\debug\moc_math_modelisation_2d_3d_qt.cpp
c:\users\alexa_000\documents\maxl\modelisation2d_3d\math_modelisation_2d_3d_qt\generatedfiles\debug\moc_widget.cpp
c:\users\alexa_000\documents\maxl\modelisation2d_3d_qt\math_modelisation_2d_3d_qt\win32\debug\math_modelisation_2d_3d_qt.ilk
c:\users\alexa_000\documents\maxl\modelisation2d_3d_qt\math_modelisation_2d_3d_qt\win32\debug\math_modelisation_2d_3d_qt.exe
c:\users\alexa_000\documents\maxl\modelisation2d_3d_qt\math_modelisation_2d_3d_qt\win32\debug\math_modelisation_2d_3d_qt.pdb
c:\users\alexa_000\documents\maxl\modelisation2d_3d\win32\debug\math_modelisation_2d_3d_qt.ilk
c:\users\alexa_000\documents\maxl\modelisation2d_3d\win32\debug\math_modelisation_2d_3d_qt.exe
c:\users\alexa_000\documents\maxl\modelisation2d_3d\win32\debug\math_modelisation_2d_3d_qt.pdb
c:\users\alexa_000\documents\maxl\modelisation2d_3d\math_modelisation_2d_3d_qt\debug\math_mod.b12702ad.tlog\cl.command.1.tlog
c:\users\alexa_000\documents\maxl\modelisation2d_3d\math_modelisation_2d_3d_qt\debug\math_mod.b12702ad.tlog\cl.read.1.tlog
c:\users\alexa_000\documents\maxl\modelisation2d_3d\math_modelisation_2d_3d_qt\debug\math_mod.b12702ad.tlog\cl.write.1.tlog
c:\users\alexa_000\documents\maxl\modelisation2d_3d\math_modelisation_2d_3d_qt\debug\math_mod.b12702ad.tlog\custombuild.command.1.tlog
c:\users\alexa_000\documents\maxl\modelisation2d_3d\math_modelisation_2d_3d_qt\debug\math_mod.b12702ad.tlog\custombuild.read.1.tlog
c:\users\alexa_000\documents\maxl\modelisation2d_3d\math_modelisation_2d_3d_qt\debug\math_mod.b12702ad.tlog\custombuild.write.1.tlog
c:\users\alexa_000\documents\maxl\modelisation2d_3d\math_modelisation_2d_3d_qt\debug\math_mod.b12702ad.tlog\link.command.1.tlog
c:\users\alexa_000\documents\maxl\modelisation2d_3d\math_modelisation_2d_3d_qt\debug\math_mod.b12702ad.tlog\link.read.1.tlog
c:\users\alexa_000\documents\maxl\modelisation2d_3d\math_modelisation_2d_3d_qt\debug\math_mod.b12702ad.tlog\link.write.1.tlog
